[2020-04-03T09:56:58.166+0500][gc,heap] Heap region size: 1M
[2020-04-03T09:56:58.174+0500][gc     ] Using G1
[2020-04-03T09:56:58.174+0500][gc,heap,coops] Heap address: 0x00000007e0000000, size: 512 MB, Compressed Oops mode: Zero based, Oop shift amount: 3
[2020-04-03T09:57:43.892+0500][gc,start     ] GC(0) Pause Young (Normal) (G1 Evacuation Pause)
[2020-04-03T09:57:43.893+0500][gc,task      ] GC(0) Using 4 workers of 4 for evacuation
[2020-04-03T09:57:43.905+0500][gc,phases    ] GC(0)   Pre Evacuate Collection Set: 0.0ms
[2020-04-03T09:57:43.905+0500][gc,phases    ] GC(0)   Evacuate Collection Set: 11.0ms
[2020-04-03T09:57:43.905+0500][gc,phases    ] GC(0)   Post Evacuate Collection Set: 0.9ms
[2020-04-03T09:57:43.905+0500][gc,phases    ] GC(0)   Other: 0.7ms
[2020-04-03T09:57:43.905+0500][gc,heap      ] GC(0) Eden regions: 25->0(21)
[2020-04-03T09:57:43.905+0500][gc,heap      ] GC(0) Survivor regions: 0->4(4)
[2020-04-03T09:57:43.905+0500][gc,heap      ] GC(0) Old regions: 0->2
[2020-04-03T09:57:43.905+0500][gc,heap      ] GC(0) Humongous regions: 0->0
[2020-04-03T09:57:43.905+0500][gc,metaspace ] GC(0) Metaspace: 15220K->15220K(1062912K)
[2020-04-03T09:57:43.905+0500][gc           ] GC(0) Pause Young (Normal) (G1 Evacuation Pause) 25M->5M(512M) 12.899ms
[2020-04-03T09:57:43.905+0500][gc,cpu       ] GC(0) User=0.02s Sys=0.01s Real=0.01s
[2020-04-03T12:22:06.616+0500][gc,start     ] GC(1) Pause Young (Normal) (G1 Evacuation Pause)
[2020-04-03T12:22:06.621+0500][gc,task      ] GC(1) Using 4 workers of 4 for evacuation
[2020-04-03T12:22:06.757+0500][gc,mmu       ] GC(1) MMU target violated: 21.0ms (20.0ms/21.0ms)
[2020-04-03T12:22:06.757+0500][gc,phases    ] GC(1)   Pre Evacuate Collection Set: 4.1ms
[2020-04-03T12:22:06.757+0500][gc,phases    ] GC(1)   Evacuate Collection Set: 121.3ms
[2020-04-03T12:22:06.757+0500][gc,phases    ] GC(1)   Post Evacuate Collection Set: 1.4ms
[2020-04-03T12:22:06.757+0500][gc,phases    ] GC(1)   Other: 15.9ms
[2020-04-03T12:22:06.757+0500][gc,heap      ] GC(1) Eden regions: 21->0(24)
[2020-04-03T12:22:06.757+0500][gc,heap      ] GC(1) Survivor regions: 4->1(4)
[2020-04-03T12:22:06.757+0500][gc,heap      ] GC(1) Old regions: 2->6
[2020-04-03T12:22:06.757+0500][gc,heap      ] GC(1) Humongous regions: 0->0
[2020-04-03T12:22:06.758+0500][gc,metaspace ] GC(1) Metaspace: 16010K->16010K(1064960K)
[2020-04-03T12:22:06.758+0500][gc           ] GC(1) Pause Young (Normal) (G1 Evacuation Pause) 26M->6M(512M) 141.622ms
[2020-04-03T12:22:06.758+0500][gc,cpu       ] GC(1) User=0.02s Sys=0.11s Real=0.14s
